textures/banana.jpg
textures/bat.jpg
textures/bulldog.jpg
textures/cat.jpg
textures/deer.jpg
textures/doberman.jpg
textures/dove.jpg
textures/frog.jpg
textures/lion.jpg
textures/pig.jpg
textures/shark.bmp
textures/spider.jpg
textures/tiger.jpg
textures/wolf.jpg
textures/carrot.jpg
textures/leopard.jpg
textures/mandarin.jpg
textures/mango.jpg
textures/ostrich.jpg
textures/parakeet.jpg
textures/peach.jpg
textures/penguin.jpg
textures/raspberry.jpg
textures/strawberry.jpg
textures/grapefruit.jpg
textures/redradish.jpg